{
  "metadata": {
    "code": "ERR_HTTP_HEADERS_SENT"
  },
  "level": "error",
  "message": "Cannot set headers after they are sent to the client"
}
{
  "metadata": {
    "code": "ERR_HTTP_HEADERS_SENT"
  },
  "level": "error",
  "message": "Cannot set headers after they are sent to the client"
}
{
  "metadata": {
    "code": "ERR_HTTP_HEADERS_SENT"
  },
  "level": "error",
  "message": "Cannot set headers after they are sent to the client"
}
{
  "metadata": {
    "code": "ERR_HTTP_HEADERS_SENT"
  },
  "level": "error",
  "message": "Cannot set headers after they are sent to the client"
}
{
  "metadata": {
    "code": "ERR_HTTP_HEADERS_SENT"
  },
  "level": "error",
  "message": "Cannot set headers after they are sent to the client"
}
{
  "metadata": {
    "code": "ERR_HTTP_HEADERS_SENT"
  },
  "level": "error",
  "message": "Cannot set headers after they are sent to the client"
}
{
  "metadata": {
    "code": "ERR_HTTP_HEADERS_SENT"
  },
  "level": "error",
  "message": "Cannot set headers after they are sent to the client"
}
{
  "metadata": {
    "code": "ERR_HTTP_HEADERS_SENT"
  },
  "level": "error",
  "message": "Cannot set headers after they are sent to the client"
}
{
  "metadata": {},
  "level": "error",
  "message": "Cannot read property 'dailyRentalRate' of undefined"
}
{
  "metadata": {},
  "level": "error",
  "message": "Cannot read property 'dailyRentalRate' of undefined"
}
{
  "metadata": {},
  "level": "error",
  "message": "Cannot read property 'dailyRentalRate' of undefined"
}
{
  "metadata": {},
  "level": "error",
  "message": "Cannot read property 'dailyRentalRate' of undefined"
}
{
  "metadata": {},
  "level": "error",
  "message": "Cannot read property 'dailyRentalRate' of undefined"
}
{
  "metadata": {},
  "level": "error",
  "message": "Cannot read property 'dailyRentalRate' of undefined"
}
{
  "metadata": {},
  "level": "error",
  "message": "Cannot read property 'dailyRentalRate' of undefined"
}
{
  "metadata": {
    "code": "ERR_HTTP_HEADERS_SENT"
  },
  "level": "error",
  "message": "Cannot set headers after they are sent to the client"
}
{
  "metadata": {
    "code": "ERR_HTTP_HEADERS_SENT"
  },
  "level": "error",
  "message": "Cannot set headers after they are sent to the client"
}
{
  "metadata": {
    "code": "ERR_HTTP_HEADERS_SENT"
  },
  "level": "error",
  "message": "Cannot set headers after they are sent to the client"
}
{
  "metadata": {
    "code": "ERR_HTTP_HEADERS_SENT"
  },
  "level": "error",
  "message": "Cannot set headers after they are sent to the client"
}
{
  "metadata": {
    "code": "ERR_HTTP_HEADERS_SENT"
  },
  "level": "error",
  "message": "Cannot set headers after they are sent to the client"
}
{
  "metadata": {
    "code": "ERR_HTTP_HEADERS_SENT"
  },
  "level": "error",
  "message": "Cannot set headers after they are sent to the client"
}
{
  "metadata": {},
  "level": "error",
  "message": "customerId is not defined"
}
{
  "metadata": {},
  "level": "error",
  "message": "customerId is not defined"
}
{
  "metadata": {},
  "level": "error",
  "message": "customerId is not defined"
}
{
  "metadata": {},
  "level": "error",
  "message": "customerId is not defined"
}
{
  "metadata": {},
  "level": "error",
  "message": "customerId is not defined"
}
{
  "metadata": {},
  "level": "error",
  "message": "customerId is not defined"
}
{
  "metadata": {},
  "level": "error",
  "message": "customerId is not defined"
}
{
  "metadata": {
    "code": "ERR_HTTP_HEADERS_SENT"
  },
  "level": "error",
  "message": "Cannot set headers after they are sent to the client"
}
{
  "metadata": {
    "code": "ERR_HTTP_HEADERS_SENT"
  },
  "level": "error",
  "message": "Cannot set headers after they are sent to the client"
}
{
  "metadata": {
    "code": "ERR_HTTP_HEADERS_SENT"
  },
  "level": "error",
  "message": "Cannot set headers after they are sent to the client"
}
{
  "metadata": {
    "code": "ERR_HTTP_HEADERS_SENT"
  },
  "level": "error",
  "message": "Cannot set headers after they are sent to the client"
}
{
  "metadata": {},
  "level": "error",
  "message": "moment is not defined"
}
{
  "metadata": {},
  "level": "error",
  "message": "moment is not defined"
}
{
  "metadata": {},
  "level": "error",
  "message": "moment is not defined"
}
{
  "metadata": {},
  "level": "error",
  "message": "moment is not defined"
}
{
  "metadata": {},
  "level": "error",
  "message": "moment is not defined"
}
{
  "metadata": {},
  "level": "error",
  "message": "moment is not defined"
}
{
  "metadata": {},
  "level": "error",
  "message": "moment is not defined"
}
{
  "metadata": {},
  "level": "error",
  "message": "moment is not defined"
}
{
  "metadata": {},
  "level": "error",
  "message": "moment is not defined"
}
{
  "metadata": {},
  "level": "error",
  "message": "moment is not defined"
}
{
  "metadata": {},
  "level": "error",
  "message": "moment is not defined"
}
{
  "metadata": {},
  "level": "error",
  "message": "moment is not defined"
}
{
  "metadata": {
    "code": "ERR_HTTP_HEADERS_SENT"
  },
  "level": "error",
  "message": "Cannot set headers after they are sent to the client"
}
{
  "metadata": {
    "code": "ERR_HTTP_HEADERS_SENT"
  },
  "level": "error",
  "message": "Cannot set headers after they are sent to the client"
}
{
  "metadata": {
    "code": "ERR_HTTP_HEADERS_SENT"
  },
  "level": "error",
  "message": "Cannot set headers after they are sent to the client"
}
{
  "metadata": {
    "code": "ERR_HTTP_HEADERS_SENT"
  },
  "level": "error",
  "message": "Cannot set headers after they are sent to the client"
}
{
  "metadata": {
    "code": "ERR_HTTP_HEADERS_SENT"
  },
  "level": "error",
  "message": "Cannot set headers after they are sent to the client"
}
{
  "metadata": {
    "code": "ERR_HTTP_HEADERS_SENT"
  },
  "level": "error",
  "message": "Cannot set headers after they are sent to the client"
}
